<?xml version="1.0" encoding="UTF-8"?>
<testsuite xmlns:xsi="http://www.w3.org/2001/XMLSchema-instance" xsi:noNamespaceSchemaLocation="https://maven.apache.org/surefire/maven-surefire-plugin/xsd/surefire-test-report-3.0.xsd" version="3.0" name="com.training.MyLibraryTest" time="0.07" tests="5" errors="0" skipped="0" failures="0">
  <properties>
[...]
</properties>
  <testcase name="sum2PositiveNumbersTest" classname="com.training.MyLibraryTest" time="0.029"/>
  <testcase name="sumZeroTest" classname="com.training.MyLibraryTest" time="0.003"/>
  <testcase name="doubleZeroTest" classname="com.training.MyLibraryTest" time="0.001"/>
  <testcase name="doublePositiveNumberTest" classname="com.training.MyLibraryTest" time="0.001"/>
  <testcase name="sum2NegativeNumbersTest" classname="com.training.MyLibraryTest" time="0.002"/>
</testsuite>